# JRE version: OpenJDK Runtime Environment (8.0_152-b06) (build 1.8.0_152-release-1136-b06)
# Java VM: OpenJDK 64-Bit Server VM (25.152-b06 mixed mode windows-amd64 compressed oops)
Heap:
 PSYoungGen      total 64000K, used 31268K [0x00000000e0000000, 0x00000000e4680000, 0x0000000100000000)
  eden space 56320K, 49% used [0x00000000e0000000,0x00000000e1b43628,0x00000000e3700000)
  from space 7680K, 43% used [0x00000000e3e80000,0x00000000e41c5bb0,0x00000000e4600000)
  to   space 7680K, 0% used [0x00000000e3700000,0x00000000e3700000,0x00000000e3e80000)
 ParOldGen       total 59392K, used 16136K [0x00000000a0000000, 0x00000000a3a00000, 0x00000000e0000000)
  object space 59392K, 27% used [0x00000000a0000000,0x00000000a0fc2270,0x00000000a3a00000)
 Metaspace       used 38799K, capacity 39452K, committed 39720K, reserved 1083392K
  class space    used 5308K, capacity 5556K, committed 5680K, reserved 1048576K
GC Heap History (10 events):
Event: 12.278 GC heap before
{Heap before GC invocations=14 (full 1):
 PSYoungGen      total 39936K, used 39364K [0x00000000e0000000, 0x00000000e2e00000, 0x0000000100000000)
  eden space 34816K, 100% used [0x00000000e0000000,0x00000000e2200000,0x00000000e2200000)
  from space 5120K, 88% used [0x00000000e2780000,0x00000000e2bf13b0,0x00000000e2c80000)
  to   space 5632K, 0% used [0x00000000e2200000,0x00000000e2200000,0x00000000e2780000)
 ParOldGen       total 34816K, used 7021K [0x00000000a0000000, 0x00000000a2200000, 0x00000000e0000000)
  object space 34816K, 20% used [0x00000000a0000000,0x00000000a06db590,0x00000000a2200000)
 Metaspace       used 28097K, capacity 28536K, committed 28720K, reserved 1073152K
  class space    used 3939K, capacity 4091K, committed 4144K, reserved 1048576K
Event: 12.292 GC heap after
Heap after GC invocations=14 (full 1):
 PSYoungGen      total 40448K, used 5419K [0x00000000e0000000, 0x00000000e3880000, 0x0000000100000000)
  eden space 34816K, 0% used [0x00000000e0000000,0x00000000e0000000,0x00000000e2200000)
  from space 5632K, 96% used [0x00000000e2200000,0x00000000e274aff0,0x00000000e2780000)
  to   space 6144K, 0% used [0x00000000e3280000,0x00000000e3280000,0x00000000e3880000)
 ParOldGen       total 34816K, used 7029K [0x00000000a0000000, 0x00000000a2200000, 0x00000000e0000000)
  object space 34816K, 20% used [0x00000000a0000000,0x00000000a06dd590,0x00000000a2200000)
 Metaspace       used 28097K, capacity 28536K, committed 28720K, reserved 1073152K
  class space    used 3939K, capacity 4091K, committed 4144K, reserved 1048576K
}
Event: 18.123 GC heap before
{Heap before GC invocations=15 (full 1):
 PSYoungGen      total 40448K, used 40235K [0x00000000e0000000, 0x00000000e3880000, 0x0000000100000000)
  eden space 34816K, 100% used [0x00000000e0000000,0x00000000e2200000,0x00000000e2200000)
  from space 5632K, 96% used [0x00000000e2200000,0x00000000e274aff0,0x00000000e2780000)
  to   space 6144K, 0% used [0x00000000e3280000,0x00000000e3280000,0x00000000e3880000)
 ParOldGen       total 34816K, used 7029K [0x00000000a0000000, 0x00000000a2200000, 0x00000000e0000000)
  object space 34816K, 20% used [0x00000000a0000000,0x00000000a06dd590,0x00000000a2200000)
 Metaspace       used 29846K, capacity 30244K, committed 30512K, reserved 1075200K
  class space    used 4169K, capacity 4319K, committed 4400K, reserved 1048576K
Event: 18.134 GC heap after
Heap after GC invocations=15 (full 1):
 PSYoungGen      total 50688K, used 5366K [0x00000000e0000000, 0x00000000e3880000, 0x0000000100000000)
  eden space 44544K, 0% used [0x00000000e0000000,0x00000000e0000000,0x00000000e2b80000)
  from space 6144K, 87% used [0x00000000e3280000,0x00000000e37bdad0,0x00000000e3880000)
  to   space 6656K, 0% used [0x00000000e2b80000,0x00000000e2b80000,0x00000000e3200000)
 ParOldGen       total 34816K, used 8541K [0x00000000a0000000, 0x00000000a2200000, 0x00000000e0000000)
  object space 34816K, 24% used [0x00000000a0000000,0x00000000a0857630,0x00000000a2200000)
 Metaspace       used 29846K, capacity 30244K, committed 30512K, reserved 1075200K
  class space    used 4169K, capacity 4319K, committed 4400K, reserved 1048576K
}
Event: 20.093 GC heap before
{Heap before GC invocations=16 (full 1):
 PSYoungGen      total 50688K, used 36585K [0x00000000e0000000, 0x00000000e3880000, 0x0000000100000000)
  eden space 44544K, 70% used [0x00000000e0000000,0x00000000e1e7cac0,0x00000000e2b80000)
  from space 6144K, 87% used [0x00000000e3280000,0x00000000e37bdad0,0x00000000e3880000)
  to   space 6656K, 0% used [0x00000000e2b80000,0x00000000e2b80000,0x00000000e3200000)
 ParOldGen       total 34816K, used 8541K [0x00000000a0000000, 0x00000000a2200000, 0x00000000e0000000)
  object space 34816K, 24% used [0x00000000a0000000,0x00000000a0857630,0x00000000a2200000)
 Metaspace       used 34922K, capacity 35432K, committed 35496K, reserved 1079296K
  class space    used 4836K, capacity 5030K, committed 5040K, reserved 1048576K
Event: 20.105 GC heap after
Heap after GC invocations=16 (full 1):
 PSYoungGen      total 51200K, used 6640K [0x00000000e0000000, 0x00000000e4600000, 0x0000000100000000)
  eden space 44544K, 0% used [0x00000000e0000000,0x00000000e0000000,0x00000000e2b80000)
  from space 6656K, 99% used [0x00000000e2b80000,0x00000000e31fc240,0x00000000e3200000)
  to   space 7680K, 0% used [0x00000000e3e80000,0x00000000e3e80000,0x00000000e4600000)
 ParOldGen       total 34816K, used 10046K [0x00000000a0000000, 0x00000000a2200000, 0x00000000e0000000)
  object space 34816K, 28% used [0x00000000a0000000,0x00000000a09cf840,0x00000000a2200000)
 Metaspace       used 34922K, capacity 35432K, committed 35496K, reserved 1079296K
  class space    used 4836K, capacity 5030K, committed 5040K, reserved 1048576K
}
Event: 20.105 GC heap before
{Heap before GC invocations=17 (full 2):
 PSYoungGen      total 51200K, used 6640K [0x00000000e0000000, 0x00000000e4600000, 0x0000000100000000)
  eden space 44544K, 0% used [0x00000000e0000000,0x00000000e0000000,0x00000000e2b80000)
  from space 6656K, 99% used [0x00000000e2b80000,0x00000000e31fc240,0x00000000e3200000)
  to   space 7680K, 0% used [0x00000000e3e80000,0x00000000e3e80000,0x00000000e4600000)
 ParOldGen       total 34816K, used 10046K [0x00000000a0000000, 0x00000000a2200000, 0x00000000e0000000)
  object space 34816K, 28% used [0x00000000a0000000,0x00000000a09cf840,0x00000000a2200000)
 Metaspace       used 34922K, capacity 35432K, committed 35496K, reserved 1079296K
  class space    used 4836K, capacity 5030K, committed 5040K, reserved 1048576K
Event: 20.215 GC heap after
Heap after GC invocations=17 (full 2):
 PSYoungGen      total 51200K, used 0K [0x00000000e0000000, 0x00000000e4600000, 0x0000000100000000)
  eden space 44544K, 0% used [0x00000000e0000000,0x00000000e0000000,0x00000000e2b80000)
  from space 6656K, 0% used [0x00000000e2b80000,0x00000000e2b80000,0x00000000e3200000)
  to   space 7680K, 0% used [0x00000000e3e80000,0x00000000e3e80000,0x00000000e4600000)
 ParOldGen       total 59392K, used 16128K [0x00000000a0000000, 0x00000000a3a00000, 0x00000000e0000000)
  object space 59392K, 27% used [0x00000000a0000000,0x00000000a0fc0270,0x00000000a3a00000)
 Metaspace       used 34922K, capacity 35432K, committed 35496K, reserved 1079296K
  class space    used 4836K, capacity 5030K, committed 5040K, reserved 1048576K
}
Event: 21.316 GC heap before
{Heap before GC invocations=18 (full 2):
 PSYoungGen      total 51200K, used 44544K [0x00000000e0000000, 0x00000000e4600000, 0x0000000100000000)
  eden space 44544K, 100% used [0x00000000e0000000,0x00000000e2b80000,0x00000000e2b80000)
  from space 6656K, 0% used [0x00000000e2b80000,0x00000000e2b80000,0x00000000e3200000)
  to   space 7680K, 0% used [0x00000000e3e80000,0x00000000e3e80000,0x00000000e4600000)
 ParOldGen       total 59392K, used 16128K [0x00000000a0000000, 0x00000000a3a00000, 0x00000000e0000000)
  object space 59392K, 27% used [0x00000000a0000000,0x00000000a0fc0270,0x00000000a3a00000)
 Metaspace       used 36977K, capacity 37640K, committed 37800K, reserved 1081344K
  class space    used 5078K, capacity 5296K, committed 5296K, reserved 1048576K
Event: 21.328 GC heap after
Heap after GC invocations=18 (full 2):
 PSYoungGen      total 64000K, used 3350K [0x00000000e0000000, 0x00000000e4680000, 0x0000000100000000)
  eden space 56320K, 0% used [0x00000000e0000000,0x00000000e0000000,0x00000000e3700000)
  from space 7680K, 43% used [0x00000000e3e80000,0x00000000e41c5bb0,0x00000000e4600000)
  to   space 7680K, 0% used [0x00000000e3700000,0x00000000e3700000,0x00000000e3e80000)
 ParOldGen       total 59392K, used 16136K [0x00000000a0000000, 0x00000000a3a00000, 0x00000000e0000000)
  object space 59392K, 27% used [0x00000000a0000000,0x00000000a0fc2270,0x00000000a3a00000)
 Metaspace       used 36977K, capacity 37640K, committed 37800K, reserved 1081344K
  class space    used 5078K, capacity 5296K, committed 5296K, reserved 1048576K
}

