# JRE version: OpenJDK Runtime Environment (8.0_152-b06) (build 1.8.0_152-release-1136-b06)
# Java VM: OpenJDK 64-Bit Server VM (25.152-b06 mixed mode windows-amd64 compressed oops)
Heap:
 PSYoungGen      total 140800K, used 79054K [0x00000000eab00000, 0x00000000f4680000, 0x0000000100000000)
  eden space 123392K, 49% used [0x00000000eab00000,0x00000000ee734ef8,0x00000000f2380000)
  from space 17408K, 99% used [0x00000000f2380000,0x00000000f347ecb8,0x00000000f3480000)
  to   space 15872K, 0% used [0x00000000f3480000,0x00000000f3480000,0x00000000f4400000)
 ParOldGen       total 102400K, used 48374K [0x00000000c0000000, 0x00000000c6400000, 0x00000000eab00000)
  object space 102400K, 47% used [0x00000000c0000000,0x00000000c2f3d938,0x00000000c6400000)
 Metaspace       used 80578K, capacity 83348K, committed 83608K, reserved 1122304K
  class space    used 10493K, capacity 11067K, committed 11184K, reserved 1048576K
GC Heap History (10 events):
Event: 31.324 GC heap before
{Heap before GC invocations=20 (full 2):
 PSYoungGen      total 106496K, used 103670K [0x00000000eab00000, 0x00000000f3080000, 0x0000000100000000)
  eden space 97280K, 97% used [0x00000000eab00000,0x00000000f0744b60,0x00000000f0a00000)
  from space 9216K, 99% used [0x00000000f0a00000,0x00000000f12f8d00,0x00000000f1300000)
  to   space 11264K, 0% used [0x00000000f2580000,0x00000000f2580000,0x00000000f3080000)
 ParOldGen       total 54784K, used 32456K [0x00000000c0000000, 0x00000000c3580000, 0x00000000eab00000)
  object space 54784K, 59% used [0x00000000c0000000,0x00000000c1fb23b0,0x00000000c3580000)
 Metaspace       used 57440K, capacity 59030K, committed 59160K, reserved 1099776K
  class space    used 7750K, capacity 8166K, committed 8240K, reserved 1048576K
Event: 31.362 GC heap after
Heap after GC invocations=20 (full 2):
 PSYoungGen      total 121856K, used 11243K [0x00000000eab00000, 0x00000000f3680000, 0x0000000100000000)
  eden space 110592K, 0% used [0x00000000eab00000,0x00000000eab00000,0x00000000f1700000)
  from space 11264K, 99% used [0x00000000f2580000,0x00000000f307aea0,0x00000000f3080000)
  to   space 14848K, 0% used [0x00000000f1700000,0x00000000f1700000,0x00000000f2580000)
 ParOldGen       total 54784K, used 38943K [0x00000000c0000000, 0x00000000c3580000, 0x00000000eab00000)
  object space 54784K, 71% used [0x00000000c0000000,0x00000000c2607f68,0x00000000c3580000)
 Metaspace       used 57440K, capacity 59030K, committed 59160K, reserved 1099776K
  class space    used 7750K, capacity 8166K, committed 8240K, reserved 1048576K
}
Event: 31.362 GC heap before
{Heap before GC invocations=21 (full 3):
 PSYoungGen      total 121856K, used 11243K [0x00000000eab00000, 0x00000000f3680000, 0x0000000100000000)
  eden space 110592K, 0% used [0x00000000eab00000,0x00000000eab00000,0x00000000f1700000)
  from space 11264K, 99% used [0x00000000f2580000,0x00000000f307aea0,0x00000000f3080000)
  to   space 14848K, 0% used [0x00000000f1700000,0x00000000f1700000,0x00000000f2580000)
 ParOldGen       total 54784K, used 38943K [0x00000000c0000000, 0x00000000c3580000, 0x00000000eab00000)
  object space 54784K, 71% used [0x00000000c0000000,0x00000000c2607f68,0x00000000c3580000)
 Metaspace       used 57440K, capacity 59030K, committed 59160K, reserved 1099776K
  class space    used 7750K, capacity 8166K, committed 8240K, reserved 1048576K
Event: 31.728 GC heap after
Heap after GC invocations=21 (full 3):
 PSYoungGen      total 121856K, used 0K [0x00000000eab00000, 0x00000000f3680000, 0x0000000100000000)
  eden space 110592K, 0% used [0x00000000eab00000,0x00000000eab00000,0x00000000f1700000)
  from space 11264K, 0% used [0x00000000f2580000,0x00000000f2580000,0x00000000f3080000)
  to   space 14848K, 0% used [0x00000000f1700000,0x00000000f1700000,0x00000000f2580000)
 ParOldGen       total 102400K, used 45338K [0x00000000c0000000, 0x00000000c6400000, 0x00000000eab00000)
  object space 102400K, 44% used [0x00000000c0000000,0x00000000c2c469d8,0x00000000c6400000)
 Metaspace       used 57440K, capacity 59030K, committed 59160K, reserved 1099776K
  class space    used 7750K, capacity 8166K, committed 8240K, reserved 1048576K
}
Event: 53.231 GC heap before
{Heap before GC invocations=22 (full 3):
 PSYoungGen      total 121856K, used 110592K [0x00000000eab00000, 0x00000000f3680000, 0x0000000100000000)
  eden space 110592K, 100% used [0x00000000eab00000,0x00000000f1700000,0x00000000f1700000)
  from space 11264K, 0% used [0x00000000f2580000,0x00000000f2580000,0x00000000f3080000)
  to   space 14848K, 0% used [0x00000000f1700000,0x00000000f1700000,0x00000000f2580000)
 ParOldGen       total 102400K, used 45338K [0x00000000c0000000, 0x00000000c6400000, 0x00000000eab00000)
  object space 102400K, 44% used [0x00000000c0000000,0x00000000c2c469d8,0x00000000c6400000)
 Metaspace       used 64717K, capacity 66390K, committed 66584K, reserved 1107968K
  class space    used 8598K, capacity 8990K, committed 9008K, reserved 1048576K
Event: 53.253 GC heap after
Heap after GC invocations=22 (full 3):
 PSYoungGen      total 125440K, used 11723K [0x00000000eab00000, 0x00000000f4400000, 0x0000000100000000)
  eden space 110592K, 0% used [0x00000000eab00000,0x00000000eab00000,0x00000000f1700000)
  from space 14848K, 78% used [0x00000000f1700000,0x00000000f2272ec8,0x00000000f2580000)
  to   space 15872K, 0% used [0x00000000f3480000,0x00000000f3480000,0x00000000f4400000)
 ParOldGen       total 102400K, used 45346K [0x00000000c0000000, 0x00000000c6400000, 0x00000000eab00000)
  object space 102400K, 44% used [0x00000000c0000000,0x00000000c2c489d8,0x00000000c6400000)
 Metaspace       used 64717K, capacity 66390K, committed 66584K, reserved 1107968K
  class space    used 8598K, capacity 8990K, committed 9008K, reserved 1048576K
}
Event: 58.829 GC heap before
{Heap before GC invocations=23 (full 3):
 PSYoungGen      total 125440K, used 122315K [0x00000000eab00000, 0x00000000f4400000, 0x0000000100000000)
  eden space 110592K, 100% used [0x00000000eab00000,0x00000000f1700000,0x00000000f1700000)
  from space 14848K, 78% used [0x00000000f1700000,0x00000000f2272ec8,0x00000000f2580000)
  to   space 15872K, 0% used [0x00000000f3480000,0x00000000f3480000,0x00000000f4400000)
 ParOldGen       total 102400K, used 45346K [0x00000000c0000000, 0x00000000c6400000, 0x00000000eab00000)
  object space 102400K, 44% used [0x00000000c0000000,0x00000000c2c489d8,0x00000000c6400000)
 Metaspace       used 68549K, capacity 70646K, committed 70808K, reserved 1110016K
  class space    used 9056K, capacity 9548K, committed 9648K, reserved 1048576K
Event: 58.873 GC heap after
Heap after GC invocations=23 (full 3):
 PSYoungGen      total 139264K, used 13483K [0x00000000eab00000, 0x00000000f4680000, 0x0000000100000000)
  eden space 123392K, 0% used [0x00000000eab00000,0x00000000eab00000,0x00000000f2380000)
  from space 15872K, 84% used [0x00000000f3480000,0x00000000f41aafe8,0x00000000f4400000)
  to   space 17408K, 0% used [0x00000000f2380000,0x00000000f2380000,0x00000000f3480000)
 ParOldGen       total 102400K, used 45354K [0x00000000c0000000, 0x00000000c6400000, 0x00000000eab00000)
  object space 102400K, 44% used [0x00000000c0000000,0x00000000c2c4a9d8,0x00000000c6400000)
 Metaspace       used 68549K, capacity 70646K, committed 70808K, reserved 1110016K
  class space    used 9056K, capacity 9548K, committed 9648K, reserved 1048576K
}
Event: 63.610 GC heap before
{Heap before GC invocations=24 (full 3):
 PSYoungGen      total 139264K, used 136875K [0x00000000eab00000, 0x00000000f4680000, 0x0000000100000000)
  eden space 123392K, 100% used [0x00000000eab00000,0x00000000f2380000,0x00000000f2380000)
  from space 15872K, 84% used [0x00000000f3480000,0x00000000f41aafe8,0x00000000f4400000)
  to   space 17408K, 0% used [0x00000000f2380000,0x00000000f2380000,0x00000000f3480000)
 ParOldGen       total 102400K, used 45354K [0x00000000c0000000, 0x00000000c6400000, 0x00000000eab00000)
  object space 102400K, 44% used [0x00000000c0000000,0x00000000c2c4a9d8,0x00000000c6400000)
 Metaspace       used 77332K, capacity 79966K, committed 80280K, reserved 1118208K
  class space    used 10235K, capacity 10802K, committed 10928K, reserved 1048576K
Event: 63.637 GC heap after
Heap after GC invocations=24 (full 3):
 PSYoungGen      total 140800K, used 17403K [0x00000000eab00000, 0x00000000f4680000, 0x0000000100000000)
  eden space 123392K, 0% used [0x00000000eab00000,0x00000000eab00000,0x00000000f2380000)
  from space 17408K, 99% used [0x00000000f2380000,0x00000000f347ecb8,0x00000000f3480000)
  to   space 15872K, 0% used [0x00000000f3480000,0x00000000f3480000,0x00000000f4400000)
 ParOldGen       total 102400K, used 48374K [0x00000000c0000000, 0x00000000c6400000, 0x00000000eab00000)
  object space 102400K, 47% used [0x00000000c0000000,0x00000000c2f3d938,0x00000000c6400000)
 Metaspace       used 77332K, capacity 79966K, committed 80280K, reserved 1118208K
  class space    used 10235K, capacity 10802K, committed 10928K, reserved 1048576K
}

