# JRE version: OpenJDK Runtime Environment (8.0_152-b06) (build 1.8.0_152-release-1136-b06)
# Java VM: OpenJDK 64-Bit Server VM (25.152-b06 mixed mode windows-amd64 compressed oops)
Heap:
 PSYoungGen      total 142848K, used 50062K [0x00000000eab00000, 0x00000000f5100000, 0x0000000100000000)
  eden space 129024K, 28% used [0x00000000eab00000,0x00000000ece64470,0x00000000f2900000)
  from space 13824K, 99% used [0x00000000f3a80000,0x00000000f47ff500,0x00000000f4800000)
  to   space 17920K, 0% used [0x00000000f2900000,0x00000000f2900000,0x00000000f3a80000)
 ParOldGen       total 55808K, used 28097K [0x00000000c0000000, 0x00000000c3680000, 0x00000000eab00000)
  object space 55808K, 50% used [0x00000000c0000000,0x00000000c1b70440,0x00000000c3680000)
 Metaspace       used 56053K, capacity 57738K, committed 58024K, reserved 1099776K
  class space    used 7616K, capacity 8042K, committed 8112K, reserved 1048576K
GC Heap History (10 events):
Event: 14.205 GC heap before
{Heap before GC invocations=12 (full 1):
 PSYoungGen      total 90624K, used 38070K [0x00000000eab00000, 0x00000000f0e00000, 0x0000000100000000)
  eden space 82944K, 36% used [0x00000000eab00000,0x00000000ec8b1598,0x00000000efc00000)
  from space 7680K, 99% used [0x00000000f0580000,0x00000000f0cfc568,0x00000000f0d00000)
  to   space 9216K, 0% used [0x00000000efc00000,0x00000000efc00000,0x00000000f0500000)
 ParOldGen       total 34816K, used 9096K [0x00000000c0000000, 0x00000000c2200000, 0x00000000eab00000)
  object space 34816K, 26% used [0x00000000c0000000,0x00000000c08e2070,0x00000000c2200000)
 Metaspace       used 34926K, capacity 35432K, committed 35496K, reserved 1079296K
  class space    used 4836K, capacity 5030K, committed 5040K, reserved 1048576K
Event: 14.219 GC heap after
Heap after GC invocations=12 (full 1):
 PSYoungGen      total 92160K, used 6712K [0x00000000eab00000, 0x00000000f2480000, 0x0000000100000000)
  eden space 82944K, 0% used [0x00000000eab00000,0x00000000eab00000,0x00000000efc00000)
  from space 9216K, 72% used [0x00000000efc00000,0x00000000f028e070,0x00000000f0500000)
  to   space 9216K, 0% used [0x00000000f1b80000,0x00000000f1b80000,0x00000000f2480000)
 ParOldGen       total 34816K, used 11981K [0x00000000c0000000, 0x00000000c2200000, 0x00000000eab00000)
  object space 34816K, 34% used [0x00000000c0000000,0x00000000c0bb3400,0x00000000c2200000)
 Metaspace       used 34926K, capacity 35432K, committed 35496K, reserved 1079296K
  class space    used 4836K, capacity 5030K, committed 5040K, reserved 1048576K
}
Event: 14.219 GC heap before
{Heap before GC invocations=13 (full 2):
 PSYoungGen      total 92160K, used 6712K [0x00000000eab00000, 0x00000000f2480000, 0x0000000100000000)
  eden space 82944K, 0% used [0x00000000eab00000,0x00000000eab00000,0x00000000efc00000)
  from space 9216K, 72% used [0x00000000efc00000,0x00000000f028e070,0x00000000f0500000)
  to   space 9216K, 0% used [0x00000000f1b80000,0x00000000f1b80000,0x00000000f2480000)
 ParOldGen       total 34816K, used 11981K [0x00000000c0000000, 0x00000000c2200000, 0x00000000eab00000)
  object space 34816K, 34% used [0x00000000c0000000,0x00000000c0bb3400,0x00000000c2200000)
 Metaspace       used 34926K, capacity 35432K, committed 35496K, reserved 1079296K
  class space    used 4836K, capacity 5030K, committed 5040K, reserved 1048576K
Event: 14.289 GC heap after
Heap after GC invocations=13 (full 2):
 PSYoungGen      total 92160K, used 0K [0x00000000eab00000, 0x00000000f2480000, 0x0000000100000000)
  eden space 82944K, 0% used [0x00000000eab00000,0x00000000eab00000,0x00000000efc00000)
  from space 9216K, 0% used [0x00000000efc00000,0x00000000efc00000,0x00000000f0500000)
  to   space 9216K, 0% used [0x00000000f1b80000,0x00000000f1b80000,0x00000000f2480000)
 ParOldGen       total 55808K, used 16183K [0x00000000c0000000, 0x00000000c3680000, 0x00000000eab00000)
  object space 55808K, 28% used [0x00000000c0000000,0x00000000c0fcdef8,0x00000000c3680000)
 Metaspace       used 34926K, capacity 35432K, committed 35496K, reserved 1079296K
  class space    used 4836K, capacity 5030K, committed 5040K, reserved 1048576K
}
Event: 16.660 GC heap before
{Heap before GC invocations=14 (full 2):
 PSYoungGen      total 92160K, used 82944K [0x00000000eab00000, 0x00000000f2480000, 0x0000000100000000)
  eden space 82944K, 100% used [0x00000000eab00000,0x00000000efc00000,0x00000000efc00000)
  from space 9216K, 0% used [0x00000000efc00000,0x00000000efc00000,0x00000000f0500000)
  to   space 9216K, 0% used [0x00000000f1b80000,0x00000000f1b80000,0x00000000f2480000)
 ParOldGen       total 55808K, used 16183K [0x00000000c0000000, 0x00000000c3680000, 0x00000000eab00000)
  object space 55808K, 28% used [0x00000000c0000000,0x00000000c0fcdef8,0x00000000c3680000)
 Metaspace       used 39788K, capacity 40460K, committed 40744K, reserved 1085440K
  class space    used 5430K, capacity 5674K, committed 5680K, reserved 1048576K
Event: 16.677 GC heap after
Heap after GC invocations=14 (full 2):
 PSYoungGen      total 114176K, used 8388K [0x00000000eab00000, 0x00000000f2700000, 0x0000000100000000)
  eden space 104960K, 0% used [0x00000000eab00000,0x00000000eab00000,0x00000000f1180000)
  from space 9216K, 91% used [0x00000000f1b80000,0x00000000f23b11b8,0x00000000f2480000)
  to   space 10240K, 0% used [0x00000000f1180000,0x00000000f1180000,0x00000000f1b80000)
 ParOldGen       total 55808K, used 16191K [0x00000000c0000000, 0x00000000c3680000, 0x00000000eab00000)
  object space 55808K, 29% used [0x00000000c0000000,0x00000000c0fcfef8,0x00000000c3680000)
 Metaspace       used 39788K, capacity 40460K, committed 40744K, reserved 1085440K
  class space    used 5430K, capacity 5674K, committed 5680K, reserved 1048576K
}
Event: 21.223 GC heap before
{Heap before GC invocations=15 (full 2):
 PSYoungGen      total 114176K, used 113348K [0x00000000eab00000, 0x00000000f2700000, 0x0000000100000000)
  eden space 104960K, 100% used [0x00000000eab00000,0x00000000f1180000,0x00000000f1180000)
  from space 9216K, 91% used [0x00000000f1b80000,0x00000000f23b11b8,0x00000000f2480000)
  to   space 10240K, 0% used [0x00000000f1180000,0x00000000f1180000,0x00000000f1b80000)
 ParOldGen       total 55808K, used 16191K [0x00000000c0000000, 0x00000000c3680000, 0x00000000eab00000)
  object space 55808K, 29% used [0x00000000c0000000,0x00000000c0fcfef8,0x00000000c3680000)
 Metaspace       used 47811K, capacity 48808K, committed 49064K, reserved 1091584K
  class space    used 6443K, capacity 6753K, committed 6832K, reserved 1048576K
Event: 21.250 GC heap after
Heap after GC invocations=15 (full 2):
 PSYoungGen      total 115200K, used 10221K [0x00000000eab00000, 0x00000000f4800000, 0x0000000100000000)
  eden space 104960K, 0% used [0x00000000eab00000,0x00000000eab00000,0x00000000f1180000)
  from space 10240K, 99% used [0x00000000f1180000,0x00000000f1b7b510,0x00000000f1b80000)
  to   space 13824K, 0% used [0x00000000f3a80000,0x00000000f3a80000,0x00000000f4800000)
 ParOldGen       total 55808K, used 22111K [0x00000000c0000000, 0x00000000c3680000, 0x00000000eab00000)
  object space 55808K, 39% used [0x00000000c0000000,0x00000000c1597de8,0x00000000c3680000)
 Metaspace       used 47811K, capacity 48808K, committed 49064K, reserved 1091584K
  class space    used 6443K, capacity 6753K, committed 6832K, reserved 1048576K
}
Event: 28.198 GC heap before
{Heap before GC invocations=16 (full 2):
 PSYoungGen      total 115200K, used 115181K [0x00000000eab00000, 0x00000000f4800000, 0x0000000100000000)
  eden space 104960K, 100% used [0x00000000eab00000,0x00000000f1180000,0x00000000f1180000)
  from space 10240K, 99% used [0x00000000f1180000,0x00000000f1b7b510,0x00000000f1b80000)
  to   space 13824K, 0% used [0x00000000f3a80000,0x00000000f3a80000,0x00000000f4800000)
 ParOldGen       total 55808K, used 22111K [0x00000000c0000000, 0x00000000c3680000, 0x00000000eab00000)
  object space 55808K, 39% used [0x00000000c0000000,0x00000000c1597de8,0x00000000c3680000)
 Metaspace       used 54674K, capacity 56282K, committed 56488K, reserved 1097728K
  class space    used 7454K, capacity 7842K, committed 7856K, reserved 1048576K
Event: 28.272 GC heap after
Heap after GC invocations=16 (full 2):
 PSYoungGen      total 142848K, used 13821K [0x00000000eab00000, 0x00000000f5100000, 0x0000000100000000)
  eden space 129024K, 0% used [0x00000000eab00000,0x00000000eab00000,0x00000000f2900000)
  from space 13824K, 99% used [0x00000000f3a80000,0x00000000f47ff500,0x00000000f4800000)
  to   space 17920K, 0% used [0x00000000f2900000,0x00000000f2900000,0x00000000f3a80000)
 ParOldGen       total 55808K, used 28097K [0x00000000c0000000, 0x00000000c3680000, 0x00000000eab00000)
  object space 55808K, 50% used [0x00000000c0000000,0x00000000c1b70440,0x00000000c3680000)
 Metaspace       used 54674K, capacity 56282K, committed 56488K, reserved 1097728K
  class space    used 7454K, capacity 7842K, committed 7856K, reserved 1048576K
}

