# JRE version: OpenJDK Runtime Environment (8.0_152-b06) (build 1.8.0_152-release-1136-b06)
# Java VM: OpenJDK 64-Bit Server VM (25.152-b06 mixed mode windows-amd64 compressed oops)
Heap:
 PSYoungGen      total 184832K, used 50846K [0x00000000eab00000, 0x00000000f7980000, 0x0000000100000000)
  eden space 162304K, 19% used [0x00000000eab00000,0x00000000ec9fdc70,0x00000000f4980000)
  from space 22528K, 84% used [0x00000000f6200000,0x00000000f74a9f78,0x00000000f7800000)
  to   space 24576K, 0% used [0x00000000f4980000,0x00000000f4980000,0x00000000f6180000)
 ParOldGen       total 97280K, used 33963K [0x00000000c0000000, 0x00000000c5f00000, 0x00000000eab00000)
  object space 97280K, 34% used [0x00000000c0000000,0x00000000c212aeb8,0x00000000c5f00000)
 Metaspace       used 78240K, capacity 81152K, committed 81448K, reserved 1120256K
  class space    used 10356K, capacity 10979K, committed 11056K, reserved 1048576K
GC Heap History (10 events):
Event: 19.268 GC heap before
{Heap before GC invocations=13 (full 2):
 PSYoungGen      total 120320K, used 120315K [0x00000000eab00000, 0x00000000f3580000, 0x0000000100000000)
  eden space 107520K, 100% used [0x00000000eab00000,0x00000000f1400000,0x00000000f1400000)
  from space 12800K, 99% used [0x00000000f2300000,0x00000000f2f7ed40,0x00000000f2f80000)
  to   space 15360K, 0% used [0x00000000f1400000,0x00000000f1400000,0x00000000f2300000)
 ParOldGen       total 65024K, used 18549K [0x00000000c0000000, 0x00000000c3f80000, 0x00000000eab00000)
  object space 65024K, 28% used [0x00000000c0000000,0x00000000c121d4a0,0x00000000c3f80000)
 Metaspace       used 54426K, capacity 56072K, committed 56232K, reserved 1097728K
  class space    used 7421K, capacity 7829K, committed 7856K, reserved 1048576K
Event: 19.333 GC heap after
Heap after GC invocations=13 (full 2):
 PSYoungGen      total 122880K, used 15357K [0x00000000eab00000, 0x00000000f5900000, 0x0000000100000000)
  eden space 107520K, 0% used [0x00000000eab00000,0x00000000eab00000,0x00000000f1400000)
  from space 15360K, 99% used [0x00000000f1400000,0x00000000f22ff4e0,0x00000000f2300000)
  to   space 19456K, 0% used [0x00000000f4600000,0x00000000f4600000,0x00000000f5900000)
 ParOldGen       total 65024K, used 23559K [0x00000000c0000000, 0x00000000c3f80000, 0x00000000eab00000)
  object space 65024K, 36% used [0x00000000c0000000,0x00000000c1701c90,0x00000000c3f80000)
 Metaspace       used 54426K, capacity 56072K, committed 56232K, reserved 1097728K
  class space    used 7421K, capacity 7829K, committed 7856K, reserved 1048576K
}
Event: 25.249 GC heap before
{Heap before GC invocations=14 (full 2):
 PSYoungGen      total 122880K, used 122790K [0x00000000eab00000, 0x00000000f5900000, 0x0000000100000000)
  eden space 107520K, 99% used [0x00000000eab00000,0x00000000f13ea608,0x00000000f1400000)
  from space 15360K, 99% used [0x00000000f1400000,0x00000000f22ff4e0,0x00000000f2300000)
  to   space 19456K, 0% used [0x00000000f4600000,0x00000000f4600000,0x00000000f5900000)
 ParOldGen       total 65024K, used 23559K [0x00000000c0000000, 0x00000000c3f80000, 0x00000000eab00000)
  object space 65024K, 36% used [0x00000000c0000000,0x00000000c1701c90,0x00000000c3f80000)
 Metaspace       used 57523K, capacity 59084K, committed 59160K, reserved 1099776K
  class space    used 7782K, capacity 8173K, committed 8240K, reserved 1048576K
Event: 25.312 GC heap after
Heap after GC invocations=14 (full 2):
 PSYoungGen      total 155136K, used 19453K [0x00000000eab00000, 0x00000000f5f00000, 0x0000000100000000)
  eden space 135680K, 0% used [0x00000000eab00000,0x00000000eab00000,0x00000000f2f80000)
  from space 19456K, 99% used [0x00000000f4600000,0x00000000f58ff5a0,0x00000000f5900000)
  to   space 23040K, 0% used [0x00000000f2f80000,0x00000000f2f80000,0x00000000f4600000)
 ParOldGen       total 65024K, used 25160K [0x00000000c0000000, 0x00000000c3f80000, 0x00000000eab00000)
  object space 65024K, 38% used [0x00000000c0000000,0x00000000c1892108,0x00000000c3f80000)
 Metaspace       used 57523K, capacity 59084K, committed 59160K, reserved 1099776K
  class space    used 7782K, capacity 8173K, committed 8240K, reserved 1048576K
}
Event: 25.312 GC heap before
{Heap before GC invocations=15 (full 3):
 PSYoungGen      total 155136K, used 19453K [0x00000000eab00000, 0x00000000f5f00000, 0x0000000100000000)
  eden space 135680K, 0% used [0x00000000eab00000,0x00000000eab00000,0x00000000f2f80000)
  from space 19456K, 99% used [0x00000000f4600000,0x00000000f58ff5a0,0x00000000f5900000)
  to   space 23040K, 0% used [0x00000000f2f80000,0x00000000f2f80000,0x00000000f4600000)
 ParOldGen       total 65024K, used 25160K [0x00000000c0000000, 0x00000000c3f80000, 0x00000000eab00000)
  object space 65024K, 38% used [0x00000000c0000000,0x00000000c1892108,0x00000000c3f80000)
 Metaspace       used 57523K, capacity 59084K, committed 59160K, reserved 1099776K
  class space    used 7782K, capacity 8173K, committed 8240K, reserved 1048576K
Event: 25.633 GC heap after
Heap after GC invocations=15 (full 3):
 PSYoungGen      total 155136K, used 0K [0x00000000eab00000, 0x00000000f5f00000, 0x0000000100000000)
  eden space 135680K, 0% used [0x00000000eab00000,0x00000000eab00000,0x00000000f2f80000)
  from space 19456K, 0% used [0x00000000f4600000,0x00000000f4600000,0x00000000f5900000)
  to   space 23040K, 0% used [0x00000000f2f80000,0x00000000f2f80000,0x00000000f4600000)
 ParOldGen       total 97280K, used 33947K [0x00000000c0000000, 0x00000000c5f00000, 0x00000000eab00000)
  object space 97280K, 34% used [0x00000000c0000000,0x00000000c2126eb8,0x00000000c5f00000)
 Metaspace       used 57523K, capacity 59084K, committed 59160K, reserved 1099776K
  class space    used 7782K, capacity 8173K, committed 8240K, reserved 1048576K
}
Event: 52.356 GC heap before
{Heap before GC invocations=16 (full 3):
 PSYoungGen      total 155136K, used 135680K [0x00000000eab00000, 0x00000000f5f00000, 0x0000000100000000)
  eden space 135680K, 100% used [0x00000000eab00000,0x00000000f2f80000,0x00000000f2f80000)
  from space 19456K, 0% used [0x00000000f4600000,0x00000000f4600000,0x00000000f5900000)
  to   space 23040K, 0% used [0x00000000f2f80000,0x00000000f2f80000,0x00000000f4600000)
 ParOldGen       total 97280K, used 33947K [0x00000000c0000000, 0x00000000c5f00000, 0x00000000eab00000)
  object space 97280K, 34% used [0x00000000c0000000,0x00000000c2126eb8,0x00000000c5f00000)
 Metaspace       used 65967K, capacity 68180K, committed 68392K, reserved 1107968K
  class space    used 8882K, capacity 9417K, committed 9520K, reserved 1048576K
Event: 52.380 GC heap after
Heap after GC invocations=16 (full 3):
 PSYoungGen      total 158720K, used 12310K [0x00000000eab00000, 0x00000000f7800000, 0x0000000100000000)
  eden space 135680K, 0% used [0x00000000eab00000,0x00000000eab00000,0x00000000f2f80000)
  from space 23040K, 53% used [0x00000000f2f80000,0x00000000f3b85958,0x00000000f4600000)
  to   space 22528K, 0% used [0x00000000f6200000,0x00000000f6200000,0x00000000f7800000)
 ParOldGen       total 97280K, used 33955K [0x00000000c0000000, 0x00000000c5f00000, 0x00000000eab00000)
  object space 97280K, 34% used [0x00000000c0000000,0x00000000c2128eb8,0x00000000c5f00000)
 Metaspace       used 65967K, capacity 68180K, committed 68392K, reserved 1107968K
  class space    used 8882K, capacity 9417K, committed 9520K, reserved 1048576K
}
Event: 58.685 GC heap before
{Heap before GC invocations=17 (full 3):
 PSYoungGen      total 158720K, used 147990K [0x00000000eab00000, 0x00000000f7800000, 0x0000000100000000)
  eden space 135680K, 100% used [0x00000000eab00000,0x00000000f2f80000,0x00000000f2f80000)
  from space 23040K, 53% used [0x00000000f2f80000,0x00000000f3b85958,0x00000000f4600000)
  to   space 22528K, 0% used [0x00000000f6200000,0x00000000f6200000,0x00000000f7800000)
 ParOldGen       total 97280K, used 33955K [0x00000000c0000000, 0x00000000c5f00000, 0x00000000eab00000)
  object space 97280K, 34% used [0x00000000c0000000,0x00000000c2128eb8,0x00000000c5f00000)
 Metaspace       used 76239K, capacity 79064K, committed 79272K, reserved 1118208K
  class space    used 10235K, capacity 10823K, committed 10928K, reserved 1048576K
Event: 58.719 GC heap after
Heap after GC invocations=17 (full 3):
 PSYoungGen      total 184832K, used 19111K [0x00000000eab00000, 0x00000000f7980000, 0x0000000100000000)
  eden space 162304K, 0% used [0x00000000eab00000,0x00000000eab00000,0x00000000f4980000)
  from space 22528K, 84% used [0x00000000f6200000,0x00000000f74a9f78,0x00000000f7800000)
  to   space 24576K, 0% used [0x00000000f4980000,0x00000000f4980000,0x00000000f6180000)
 ParOldGen       total 97280K, used 33963K [0x00000000c0000000, 0x00000000c5f00000, 0x00000000eab00000)
  object space 97280K, 34% used [0x00000000c0000000,0x00000000c212aeb8,0x00000000c5f00000)
 Metaspace       used 76239K, capacity 79064K, committed 79272K, reserved 1118208K
  class space    used 10235K, capacity 10823K, committed 10928K, reserved 1048576K
}

